modules/x-engine-jsi-media/android/app/build/intermediates/manifest_merge_blame_file/debug/manifest-merger-blame-debug-report.txt
1<?xml version="1.0" encoding="utf-8"?>
2<manifest xmlns:android="http://schemas.android.com/apk/res/android"
3    package="com.zkty.engine.jsi.media"
4    android:versionCode="1"
5    android:versionName="1.0" >
6
7    <uses-sdk
8        android:minSdkVersion="19"
8-->src/main/AndroidManifest.xml
9        android:targetSdkVersion="29" />
9-->src/main/AndroidManifest.xml
10
11    <uses-permission android:name="android.permission.INTERNET" />
11-->src/main/AndroidManifest.xml:6:5-67
11-->src/main/AndroidManifest.xml:6:22-64
12    <uses-permission android:name="android.permission.WRITE_EXTERNAL_STORAGE" />
12-->src/main/AndroidManifest.xml:7:5-81
12-->src/main/AndroidManifest.xml:7:22-78
13    <uses-permission android:name="android.permission.READ_EXTERNAL_STORAGE" />
13-->src/main/AndroidManifest.xml:8:5-80
13-->src/main/AndroidManifest.xml:8:22-77
14    <uses-permission android:name="android.permission.CAMERA" />
14-->[:native-media] AndroidManifest.xml:14:5-65
14-->[:native-media] AndroidManifest.xml:14:22-62
15    <uses-permission android:name="android.permission.ACCESS_NETWORK_STATE" />
15-->[:native-core] AndroidManifest.xml:13:5-79
15-->[:native-core] AndroidManifest.xml:13:22-76
16    <uses-permission android:name="android.permission.ACCESS_WIFI_STATE" />
16-->[:native-core] AndroidManifest.xml:14:5-76
16-->[:native-core] AndroidManifest.xml:14:22-73
17    <uses-permission android:name="android.permission.READ_PHONE_STATE" />
17-->[:native-core] AndroidManifest.xml:15:5-75
17-->[:native-core] AndroidManifest.xml:15:22-72
18
19    <application
19-->src/main/AndroidManifest.xml:10:5-26:19
20        android:name="com.zkty.engine.jsi.media.mediaApplication"
20-->src/main/AndroidManifest.xml:11:9-41
21        android:allowBackup="true"
21-->src/main/AndroidManifest.xml:12:9-35
22        android:appComponentFactory="androidx.core.app.CoreComponentFactory"
22-->[androidx.core:core:1.3.0] AndroidManifest.xml:24:18-86
23        android:debuggable="true"
24        android:icon="@mipmap/ic_launcher"
24-->src/main/AndroidManifest.xml:13:9-43
25        android:label="@string/app_name"
25-->src/main/AndroidManifest.xml:14:9-41
26        android:roundIcon="@mipmap/ic_launcher_round"
26-->src/main/AndroidManifest.xml:15:9-54
27        android:supportsRtl="true"
27-->src/main/AndroidManifest.xml:16:9-35
28        android:testOnly="true"
29        android:theme="@style/Theme.AppCompat.NoActionBar"
29-->src/main/AndroidManifest.xml:17:9-59
30        android:usesCleartextTraffic="true" >
30-->[:native-jsi] AndroidManifest.xml:19:9-44
31        <activity android:name="com.zkty.engine.jsi.media.MainActivity" >
31-->src/main/AndroidManifest.xml:19:9-25:20
31-->src/main/AndroidManifest.xml:19:19-47
32            <intent-filter>
32-->src/main/AndroidManifest.xml:20:13-24:29
33                <action android:name="android.intent.action.MAIN" />
33-->src/main/AndroidManifest.xml:21:17-69
33-->src/main/AndroidManifest.xml:21:25-66
34
35                <category android:name="android.intent.category.LAUNCHER" />
35-->src/main/AndroidManifest.xml:23:17-77
35-->src/main/AndroidManifest.xml:23:27-74
36            </intent-filter>
37        </activity>
38
39        <meta-data
39-->[:jsi-media] AndroidManifest.xml:12:9-14:54
40            android:name="com.zkty.jsi.media"
40-->[:jsi-media] AndroidManifest.xml:13:13-46
41            android:value="com.zkty.jsi.JSI_media" />
41-->[:jsi-media] AndroidManifest.xml:14:13-51
42        <meta-data
42-->[:native-media] AndroidManifest.xml:17:9-19:64
43            android:name="com.zkty.native.media"
43-->[:native-media] AndroidManifest.xml:18:13-49
44            android:value="com.zkty.nativ.media.Nativemedia" />
44-->[:native-media] AndroidManifest.xml:19:13-61
45
46        <activity
46-->[:native-media] AndroidManifest.xml:21:9-23:52
47            android:name="com.zkty.nativ.media.cameraImpl.activity.ImagePickerActivity"
47-->[:native-media] AndroidManifest.xml:22:13-88
48            android:screenOrientation="portrait" />
48-->[:native-media] AndroidManifest.xml:23:13-49
49        <activity
49-->[:native-media] AndroidManifest.xml:24:9-26:52
50            android:name="com.zkty.nativ.media.cameraImpl.activity.ImagePreActivity"
50-->[:native-media] AndroidManifest.xml:25:13-85
51            android:screenOrientation="portrait" />
51-->[:native-media] AndroidManifest.xml:26:13-49
52        <activity
52-->[:native-media] AndroidManifest.xml:27:9-30:72
53            android:name="com.yalantis.ucrop.UCropActivity"
53-->[:native-media] AndroidManifest.xml:28:13-60
54            android:screenOrientation="portrait"
54-->[:native-media] AndroidManifest.xml:29:13-49
55            android:theme="@style/Theme.AppCompat.Light.NoActionBar" />
55-->[:native-media] AndroidManifest.xml:30:13-69
56
57        <meta-data
57-->[:native-ui] AndroidManifest.xml:16:9-18:58
58            android:name="com.zkty.native.ui"
58-->[:native-ui] AndroidManifest.xml:17:13-46
59            android:value="com.zkty.nativ.ui.NativeUI" />
59-->[:native-ui] AndroidManifest.xml:18:13-55
60
61        <activity
61-->[:native-jsi] AndroidManifest.xml:20:9-23:48
62            android:name="com.zkty.nativ.jsi.view.XEngineWebActivity"
62-->[:native-jsi] AndroidManifest.xml:21:13-70
63            android:screenOrientation="portrait"
63-->[:native-jsi] AndroidManifest.xml:22:13-49
64            android:theme="@style/TranTheme" />
64-->[:native-jsi] AndroidManifest.xml:23:13-45
65
66        <service
66-->[:native-jsi] AndroidManifest.xml:25:9-29:19
67            android:name="com.tencent.smtt.export.external.DexClassLoaderProviderService"
67-->[:native-jsi] AndroidManifest.xml:26:13-90
68            android:label="dexopt"
68-->[:native-jsi] AndroidManifest.xml:27:13-35
69            android:process=":dexopt" >
69-->[:native-jsi] AndroidManifest.xml:28:13-38
70        </service>
71
72        <meta-data
72-->[:native-jsi] AndroidManifest.xml:31:9-33:61
73            android:name="com.zkty.native.jsi"
73-->[:native-jsi] AndroidManifest.xml:32:13-47
74            android:value="com.zkty.nativ.jsi.JSIContext" />
74-->[:native-jsi] AndroidManifest.xml:33:13-58
75    </application>
76
77</manifest>